<?xml version="1.0" encoding="UTF-8"?>
<testng-results ignored="0" total="2" passed="2" failed="0" skipped="0">
  <reporter-output>
  </reporter-output>
  <suite started-at="2022-05-23T23:07:11 IST" name="Surefire suite" finished-at="2022-05-23T23:07:12 IST" duration-ms="157">
    <groups>
    </groups>
    <test started-at="2022-05-23T23:07:11 IST" name="Surefire test" finished-at="2022-05-23T23:07:12 IST" duration-ms="157">
      <class name="MavenProject.SeleniumTest">
        <test-method signature="browserAutomation()[pri:0, instance:MavenProject.SeleniumTest@f2f2cc1]" started-at="2022-05-23T23:07:11 IST" name="browserAutomation" finished-at="2022-05-23T23:07:11 IST" duration-ms="20" status="PASS">
          <reporter-output>
          </reporter-output>
        </test-method> <!-- browserAutomation -->
        <test-method signature="elementsUi()[pri:0, instance:MavenProject.SeleniumTest@f2f2cc1]" started-at="2022-05-23T23:07:12 IST" name="elementsUi" finished-at="2022-05-23T23:07:12 IST" duration-ms="2" status="PASS">
          <reporter-output>
          </reporter-output>
        </test-method> <!-- elementsUi -->
      </class> <!-- MavenProject.SeleniumTest -->
    </test> <!-- Surefire test -->
  </suite> <!-- Surefire suite -->
</testng-results>
